Apr 15, 2015 5:57:51 PM util.SearchProvider getHtml
FINE: Going to web for : http://stackoverflow.com/questions/9030817/differences-between-new-integer123-integer-valueof123-and-just-123
Apr 15, 2015 5:57:52 PM util.IRUtil <clinit>
INFO: No of StopWords :332
Apr 15, 2015 5:58:01 PM util.SearchProvider getHtml
FINE: Going to web for : http://www.hostitwise.com/java/javaarrays_1.html
Apr 15, 2015 5:58:05 PM util.SearchProvider getHtml
FINE: Going to web for : http://stackoverflow.com/questions/8283306/array-of-linkedlists
Apr 15, 2015 5:58:09 PM util.SearchProvider getHtml
FINE: Going to web for : http://alvinalexander.com/blog/post/java/java-faq-create-array-int-example-syntax
Apr 15, 2015 5:58:13 PM util.SearchProvider getHtml
FINE: Going to web for : http://illegalargumentexception.blogspot.com/2008/08/java-int-versus-integer.html
Apr 15, 2015 5:58:20 PM util.SearchProvider getHtml
FINE: Going to web for : http://www.java-forums.org/new-java/34821-creating-main-method.html
Apr 15, 2015 5:58:25 PM util.SearchProvider getHtml
FINE: Going to web for : http://www.javabeat.net/new-features-in-java-5-0/
Apr 15, 2015 5:58:39 PM util.SearchProvider getHtml
FINE: Going to web for : http://en.wikipedia.org/wiki/Main_function
Apr 15, 2015 5:59:02 PM util.SearchProvider getHtml
FINE: Going to web for : http://www.dickbaldwin.com/java/Java014.htm
Apr 15, 2015 5:59:07 PM util.SearchProvider getHtml
FINE: Going to web for : http://www.javaworld.com/article/2076027/core-java/exception-in-thread--main--java-lang-indexoutofboundsexception-.html
Apr 15, 2015 5:59:18 PM util.SearchProvider getHtml
FINE: Going to web for : http://docs.oracle.com/javase/tutorial/java/nutsandbolts/arrays.html
Apr 15, 2015 5:59:24 PM util.SearchProvider getHtml
FINE: Going to web for : http://www.javatpoint.com/method-overloading-in-java
Apr 15, 2015 6:01:30 PM util.SearchProvider getHtml
FINE: java.io.IOException: Server returned HTTP response code: 503 for URL: http://www.javatpoint.com/method-overloading-in-java
Apr 15, 2015 6:01:30 PM util.SearchProvider getHtml
FINE: Going to web for : http://www.indiabix.com/online-test/java-programming-test/61
Apr 15, 2015 6:01:33 PM util.SearchProvider getHtml
FINE: Going to web for : http://www.geom.uiuc.edu/~daeron/docs/javaguide/java/nutsandbolts/main.html
Apr 15, 2015 6:01:34 PM util.SearchProvider getHtml
FINE: Going to web for : http://notes.corewebprogramming.com/student/Java-Basic-Syntax.pdf
Apr 15, 2015 6:01:35 PM util.SearchProvider getHtml
FINE: Going to web for : http://www.tutorialspoint.com/java/lang/integer_compareto.htm
Apr 15, 2015 6:01:37 PM util.SearchProvider getHtml
FINE: Going to web for : http://www.roseindia.net/answers/viewqa/Java-Beginners/18407-ClassCastException.html
Apr 15, 2015 6:01:38 PM util.SearchProvider getHtml
FINE: Going to web for : http://www.charlesli.org/java/articles/generic/generic.html
Apr 15, 2015 6:01:40 PM util.SearchProvider getHtml
FINE: Going to web for : http://www.indiabix.com/online-test/java-programming-test/random
Apr 15, 2015 6:01:42 PM util.SearchProvider getHtml
FINE: Going to web for : http://javacamp.org/javavscsharp/arraytype.html
Apr 15, 2015 6:01:44 PM util.SearchProvider getHtml
FINE: Going to web for : https://en.wikipedia.org/wiki/Java_(programming_language)
Apr 15, 2015 6:02:12 PM util.SearchProvider getHtml
FINE: Going to web for : https://en.wikipedia.org/wiki/Java_(software_platform)
Apr 15, 2015 6:02:36 PM util.SearchProvider getHtml
FINE: Going to web for : https://en.wikipedia.org/wiki/Java_bytecode
Apr 15, 2015 6:02:38 PM util.SearchProvider getHtml
FINE: Going to web for : https://en.wikipedia.org/wiki/Java_Platform,_Standard_Edition
Apr 15, 2015 6:02:44 PM util.SearchProvider getHtml
FINE: Going to web for : https://en.wikipedia.org/wiki/Java_Card
